<?xml version="1.0" encoding="UTF-8"?>
<testng-results skipped="0" failed="0" ignored="0" total="2" passed="2">
  <reporter-output>
  </reporter-output>
  <suite name="opencartSuite" duration-ms="20314" started-at="2022-04-02T16:37:40 EDT" finished-at="2022-04-02T16:38:00 EDT">
    <groups>
      <group name="regression">
        <method signature="Tc_001_AccountRegistration.test_account_Registration()[pri:0, instance:testCases.Tc_001_AccountRegistration@2db7a79b]" name="test_account_Registration" class="testCases.Tc_001_AccountRegistration"/>
      </group> <!-- regression -->
      <group name="sanity">
        <method signature="Tc_002_Login.test_Login()[pri:0, instance:testCases.Tc_002_Login@569cfc36]" name="test_Login" class="testCases.Tc_002_Login"/>
      </group> <!-- sanity -->
      <group name="master">
        <method signature="Tc_001_AccountRegistration.test_account_Registration()[pri:0, instance:testCases.Tc_001_AccountRegistration@2db7a79b]" name="test_account_Registration" class="testCases.Tc_001_AccountRegistration"/>
        <method signature="Tc_002_Login.test_Login()[pri:0, instance:testCases.Tc_002_Login@569cfc36]" name="test_Login" class="testCases.Tc_002_Login"/>
      </group> <!-- master -->
    </groups>
    <test name="OpencartTests" duration-ms="20314" started-at="2022-04-02T16:37:40 EDT" finished-at="2022-04-02T16:38:00 EDT">
      <class name="testCases.Tc_002_Login">
        <test-method status="PASS" signature="setup(java.lang.String)[pri:0, instance:testCases.Tc_002_Login@569cfc36]" name="setup" is-config="true" duration-ms="2713" started-at="2022-04-02T16:37:52 EDT" finished-at="2022-04-02T16:37:55 EDT">
          <params>
            <param index="0">
              <value>
                <![CDATA[chrome]]>
              </value>
            </param>
          </params>
          <reporter-output>
          </reporter-output>
        </test-method> <!-- setup -->
        <test-method status="PASS" signature="test_Login()[pri:0, instance:testCases.Tc_002_Login@569cfc36]" name="test_Login" duration-ms="4452" started-at="2022-04-02T16:37:55 EDT" finished-at="2022-04-02T16:37:59 EDT">
          <reporter-output>
          </reporter-output>
        </test-method> <!-- test_Login -->
        <test-method status="PASS" signature="tearDown()[pri:0, instance:testCases.Tc_002_Login@569cfc36]" name="tearDown" is-config="true" duration-ms="936" started-at="2022-04-02T16:37:59 EDT" finished-at="2022-04-02T16:38:00 EDT">
          <reporter-output>
          </reporter-output>
        </test-method> <!-- tearDown -->
      </class> <!-- testCases.Tc_002_Login -->
      <class name="testCases.Tc_001_AccountRegistration">
        <test-method status="PASS" signature="setup(java.lang.String)[pri:0, instance:testCases.Tc_001_AccountRegistration@2db7a79b]" name="setup" is-config="true" duration-ms="5233" started-at="2022-04-02T16:37:40 EDT" finished-at="2022-04-02T16:37:46 EDT">
          <params>
            <param index="0">
              <value>
                <![CDATA[chrome]]>
              </value>
            </param>
          </params>
          <reporter-output>
          </reporter-output>
        </test-method> <!-- setup -->
        <test-method status="PASS" signature="test_account_Registration()[pri:0, instance:testCases.Tc_001_AccountRegistration@2db7a79b]" name="test_account_Registration" duration-ms="5566" started-at="2022-04-02T16:37:46 EDT" finished-at="2022-04-02T16:37:51 EDT">
          <reporter-output>
          </reporter-output>
        </test-method> <!-- test_account_Registration -->
        <test-method status="PASS" signature="tearDown()[pri:0, instance:testCases.Tc_001_AccountRegistration@2db7a79b]" name="tearDown" is-config="true" duration-ms="991" started-at="2022-04-02T16:37:51 EDT" finished-at="2022-04-02T16:37:52 EDT">
          <reporter-output>
          </reporter-output>
        </test-method> <!-- tearDown -->
      </class> <!-- testCases.Tc_001_AccountRegistration -->
    </test> <!-- OpencartTests -->
  </suite> <!-- opencartSuite -->
</testng-results>
