<?xml version="1.0" encoding="UTF-8"?>
<testng-results skipped="0" failed="0" ignored="0" total="1" passed="1">
  <reporter-output>
  </reporter-output>
  <suite name="opencartSuite" duration-ms="127399" started-at="2022-04-26T23:48:45 EDT" finished-at="2022-04-26T23:50:52 EDT">
    <groups>
    </groups>
    <test name="OpencartTests" duration-ms="127399" started-at="2022-04-26T23:48:45 EDT" finished-at="2022-04-26T23:50:52 EDT">
      <class name="testCases.Tc_012MyAccount">
        <test-method status="PASS" signature="setup(java.lang.String)[pri:0, instance:testCases.Tc_012MyAccount@281e3708]" name="setup" is-config="true" duration-ms="5547" started-at="2022-04-26T23:48:45 EDT" finished-at="2022-04-26T23:48:51 EDT">
          <params>
            <param index="0">
              <value>
                <![CDATA[chrome]]>
              </value>
            </param>
          </params>
          <reporter-output>
          </reporter-output>
        </test-method> <!-- setup -->
        <test-method status="PASS" signature="test_myaccount()[pri:0, instance:testCases.Tc_012MyAccount@281e3708]" name="test_myaccount" duration-ms="121178" started-at="2022-04-26T23:48:51 EDT" finished-at="2022-04-26T23:50:52 EDT">
          <reporter-output>
          </reporter-output>
        </test-method> <!-- test_myaccount -->
      </class> <!-- testCases.Tc_012MyAccount -->
    </test> <!-- OpencartTests -->
  </suite> <!-- opencartSuite -->
</testng-results>
