<?xml version="1.0" encoding="UTF-8"?>
<!-- Generated by org.testng.reporters.JUnitXMLReporter -->
<testsuite hostname="DESKTOP-1H83AUO" ignored="0" name="OpencartTests" tests="4" failures="2" timestamp="2022-04-01T13:32:38 EDT" time="39.979" errors="0">
  <testcase name="test_LoginDDT" time="4.87" classname="testCases.Tc_003_LoginDDT"/>
  <testcase name="test_LoginDDT" time="12.232" classname="testCases.Tc_003_LoginDDT"/>
  <testcase name="test_LoginDDT" time="3.056" classname="testCases.Tc_003_LoginDDT">
    <failure type="java.lang.AssertionError" message="expected [true] but found [false]">
      <![CDATA[java.lang.AssertionError: expected [true] but found [false]
at testCases.Tc_003_LoginDDT.test_LoginDDT(Tc_003_LoginDDT.java:71)
at java.util.ArrayList.forEach(Unknown Source)
... Removed 31 stack frames]]>
    </failure>
  </testcase> <!-- test_LoginDDT -->
  <testcase name="test_LoginDDT" time="11.986" classname="testCases.Tc_003_LoginDDT">
    <failure type="java.lang.AssertionError" message="expected [true] but found [false]">
      <![CDATA[java.lang.AssertionError: expected [true] but found [false]
at testCases.Tc_003_LoginDDT.test_LoginDDT(Tc_003_LoginDDT.java:60)
at java.util.ArrayList.forEach(Unknown Source)
... Removed 31 stack frames]]>
    </failure>
  </testcase> <!-- test_LoginDDT -->
</testsuite> <!-- OpencartTests -->
